This is pdfTeX, Version 3.14159265-2.6-1.40.16 (TeX Live 2015/Debian) (preloaded format=pdflatex 2018.11.18)  19 NOV 2018 00:57
entering extended mode
 restricted \write18 enabled.
 %&-line parsing enabled.
**"ENPM667 Midterm Project REport.tex"
(./ENPM667 Midterm Project REport.tex
LaTeX2e <2016/02/01>
Babel <3.9q> and hyphenation patterns for 81 language(s) loaded.

LaTeX Warning: File `example.eps' already exists on the system.
               Not generating it from this source.

(/usr/share/texlive/texmf-dist/tex/latex/base/fix-cm.sty
Package: fix-cm 2015/01/14 v1.1t fixes to LaTeX

(/usr/share/texlive/texmf-dist/tex/latex/base/ts1enc.def
File: ts1enc.def 2001/06/05 v3.0e (jk/car/fm) Standard LaTeX file
)) (./svjour3.cls
Document Class: svjour3 2007/05/08 v3.2 
LaTeX document class for Springer journals
Class Springer-SVJour3 Info: extra/valid Springer sub-package (-> *.clo) 
(Springer-SVJour3)           not found in option list of \documentclass
(Springer-SVJour3)           - autoactivating "global" style.
(./svglov3.clo
File: svglov3.clo 2009/12/18 v3.2 style option for standardised journals

SVJour Class option: svglov3.clo for standardised journals
)
LaTeX Font Info:    Redeclaring math symbol \Gamma on input line 147.
LaTeX Font Info:    Redeclaring math symbol \Delta on input line 148.
LaTeX Font Info:    Redeclaring math symbol \Theta on input line 149.
LaTeX Font Info:    Redeclaring math symbol \Lambda on input line 150.
LaTeX Font Info:    Redeclaring math symbol \Xi on input line 151.
LaTeX Font Info:    Redeclaring math symbol \Pi on input line 152.
LaTeX Font Info:    Redeclaring math symbol \Sigma on input line 153.
LaTeX Font Info:    Redeclaring math symbol \Upsilon on input line 154.
LaTeX Font Info:    Redeclaring math symbol \Phi on input line 155.
LaTeX Font Info:    Redeclaring math symbol \Psi on input line 156.
LaTeX Font Info:    Redeclaring math symbol \Omega on input line 157.
\logodepth=\dimen102
\headerboxheight=\dimen103
\betweenumberspace=\dimen104
\aftertext=\dimen105
\headlineindent=\dimen106
\c@inst=\count79
\c@auth=\count80
\instindent=\dimen107
\authrun=\box26
\authorrunning=\toks14
\titrun=\box27
\titlerunning=\toks15
\combirun=\box28
\c@lastpage=\count81
\rubricwidth=\dimen108
\c@section=\count82
\c@subsection=\count83
\c@subsubsection=\count84
\c@paragraph=\count85
\c@subparagraph=\count86
\spthmsep=\dimen109
\c@theorem=\count87
\c@case=\count88
\c@conjecture=\count89
\c@corollary=\count90
\c@definition=\count91
\c@example=\count92
\c@exercise=\count93
\c@lemma=\count94
\c@note=\count95
\c@problem=\count96
\c@property=\count97
\c@proposition=\count98
\c@question=\count99
\c@solution=\count100
\c@remark=\count101
\c@figure=\count102
\c@table=\count103
\abovecaptionskip=\skip41
\belowcaptionskip=\skip42
\figcapgap=\dimen110
\tabcapgap=\dimen111
\figgap=\dimen112
\bibindent=\dimen113
\@tempcntc=\count104
) (/usr/share/texlive/texmf-dist/tex/latex/graphics/graphicx.sty
Package: graphicx 2014/10/28 v1.0g Enhanced LaTeX Graphics (DPC,SPQR)

(/usr/share/texlive/texmf-dist/tex/latex/graphics/keyval.sty
Package: keyval 2014/10/28 v1.15 key=value parser (DPC)
\KV@toks@=\toks16
)
(/usr/share/texlive/texmf-dist/tex/latex/graphics/graphics.sty
Package: graphics 2016/01/03 v1.0q Standard LaTeX Graphics (DPC,SPQR)

(/usr/share/texlive/texmf-dist/tex/latex/graphics/trig.sty
Package: trig 2016/01/03 v1.10 sin cos tan (DPC)
)
(/usr/share/texlive/texmf-dist/tex/latex/latexconfig/graphics.cfg
File: graphics.cfg 2010/04/23 v1.9 graphics configuration of TeX Live
)
Package graphics Info: Driver file: pdftex.def on input line 95.

(/usr/share/texlive/texmf-dist/tex/latex/pdftex-def/pdftex.def
File: pdftex.def 2011/05/27 v0.06d Graphics/color for pdfTeX

(/usr/share/texlive/texmf-dist/tex/generic/oberdiek/infwarerr.sty
Package: infwarerr 2010/04/08 v1.3 Providing info/warning/error messages (HO)
)
(/usr/share/texlive/texmf-dist/tex/generic/oberdiek/ltxcmds.sty
Package: ltxcmds 2011/11/09 v1.22 LaTeX kernel commands for general use (HO)
)
\Gread@gobject=\count105
))
\Gin@req@height=\dimen114
\Gin@req@width=\dimen115
)
(/usr/share/texlive/texmf-dist/tex/latex/float/float.sty
Package: float 2001/11/08 v1.3d Float enhancements (AL)
\c@float@type=\count106
\float@exts=\toks17
\float@box=\box29
\@float@everytoks=\toks18
\@floatcapt=\box30
)
(/usr/share/texlive/texmf-dist/tex/latex/amsmath/amsmath.sty
Package: amsmath 2016/03/03 v2.15a AMS math features
\@mathmargin=\skip43

For additional information on amsmath, use the `?' option.
(/usr/share/texlive/texmf-dist/tex/latex/amsmath/amstext.sty
Package: amstext 2000/06/29 v2.01 AMS text

(/usr/share/texlive/texmf-dist/tex/latex/amsmath/amsgen.sty
File: amsgen.sty 1999/11/30 v2.0 generic functions
\@emptytoks=\toks19
\ex@=\dimen116
))
(/usr/share/texlive/texmf-dist/tex/latex/amsmath/amsbsy.sty
Package: amsbsy 1999/11/29 v1.2d Bold Symbols
\pmbraise@=\dimen117
)
(/usr/share/texlive/texmf-dist/tex/latex/amsmath/amsopn.sty
Package: amsopn 1999/12/14 v2.01 operator names
)
\inf@bad=\count107
LaTeX Info: Redefining \frac on input line 199.
\uproot@=\count108
\leftroot@=\count109
LaTeX Info: Redefining \overline on input line 297.
\classnum@=\count110
\DOTSCASE@=\count111
LaTeX Info: Redefining \ldots on input line 394.
LaTeX Info: Redefining \dots on input line 397.
LaTeX Info: Redefining \cdots on input line 518.
\Mathstrutbox@=\box31
\strutbox@=\box32
\big@size=\dimen118
LaTeX Font Info:    Redeclaring font encoding OML on input line 630.
LaTeX Font Info:    Redeclaring font encoding OMS on input line 631.


Package amsmath Warning: Unable to redefine math accent \vec.

\macc@depth=\count112
\c@MaxMatrixCols=\count113
\dotsspace@=\muskip10
\c@parentequation=\count114
\dspbrk@lvl=\count115
\tag@help=\toks20
\row@=\count116
\column@=\count117
\maxfields@=\count118
\andhelp@=\toks21
\eqnshift@=\dimen119
\alignsep@=\dimen120
\tagshift@=\dimen121
\tagwidth@=\dimen122
\totwidth@=\dimen123
\lineht@=\dimen124
\@envbody=\toks22
\multlinegap=\skip44
\multlinetaggap=\skip45
\mathdisplay@stack=\toks23
LaTeX Info: Redefining \[ on input line 2735.
LaTeX Info: Redefining \] on input line 2736.
) (/usr/share/texlive/texmf-dist/tex/latex/algorithms/algorithm.sty
Package: algorithm 2009/08/24 v0.1 Document Style `algorithm' - floating enviro
nment

(/usr/share/texlive/texmf-dist/tex/latex/base/ifthen.sty
Package: ifthen 2014/09/29 v1.1c Standard LaTeX ifthen package (DPC)
)
\@float@every@algorithm=\toks24
\c@algorithm=\count119
)
(/usr/share/texlive/texmf-dist/tex/latex/algorithms/algorithmic.sty
Package: algorithmic 2009/08/24 v0.1 Document Style `algorithmic'
\c@ALC@unique=\count120
\c@ALC@line=\count121
\c@ALC@rem=\count122
\c@ALC@depth=\count123
\ALC@tlm=\skip46
\algorithmicindent=\skip47
)
(/usr/share/texlive/texmf-dist/tex/latex/url/url.sty
\Urlmuskip=\muskip11
Package: url 2013/09/16  ver 3.4  Verb mode for urls, etc.
)
(/usr/share/texlive/texmf-dist/tex/latex/listings/listings.sty
\lst@mode=\count124
\lst@gtempboxa=\box33
\lst@token=\toks25
\lst@length=\count125
\lst@currlwidth=\dimen125
\lst@column=\count126
\lst@pos=\count127
\lst@lostspace=\dimen126
\lst@width=\dimen127
\lst@newlines=\count128
\lst@lineno=\count129
\lst@maxwidth=\dimen128

(/usr/share/texlive/texmf-dist/tex/latex/listings/lstmisc.sty
File: lstmisc.sty 2015/06/04 1.6 (Carsten Heinz)
\c@lstnumber=\count130
\lst@skipnumbers=\count131
\lst@framebox=\box34
)
(/usr/share/texlive/texmf-dist/tex/latex/listings/listings.cfg
File: listings.cfg 2015/06/04 1.6 listings configuration
))
Package: listings 2015/06/04 1.6 (Carsten Heinz)

(/usr/share/texlive/texmf-dist/tex/latex/graphics/color.sty
Package: color 2016/01/03 v1.1b Standard LaTeX Color (DPC)

(/usr/share/texlive/texmf-dist/tex/latex/latexconfig/color.cfg
File: color.cfg 2007/01/18 v1.5 color configuration of teTeX/TeXLive
)
Package color Info: Driver file: pdftex.def on input line 143.
)
(/usr/share/texlive/texmf-dist/tex/latex/listings/lstlang1.sty
File: lstlang1.sty 2015/06/04 1.6 listings language file
)
(./ENPM667 Midterm Project REport.aux

LaTeX Warning: Label `fig:errorc1' multiply defined.

)
\openout1 = `"ENPM667 Midterm Project REport.aux"'.

LaTeX Font Info:    Checking defaults for OML/cmm/m/it on input line 92.
LaTeX Font Info:    ... okay on input line 92.
LaTeX Font Info:    Checking defaults for T1/cmr/m/n on input line 92.
LaTeX Font Info:    ... okay on input line 92.
LaTeX Font Info:    Checking defaults for OT1/cmr/m/n on input line 92.
LaTeX Font Info:    ... okay on input line 92.
LaTeX Font Info:    Checking defaults for OMS/cmsy/m/n on input line 92.
LaTeX Font Info:    ... okay on input line 92.
LaTeX Font Info:    Checking defaults for OMX/cmex/m/n on input line 92.
LaTeX Font Info:    ... okay on input line 92.
LaTeX Font Info:    Checking defaults for U/cmr/m/n on input line 92.
LaTeX Font Info:    ... okay on input line 92.
LaTeX Font Info:    Checking defaults for TS1/cmr/m/n on input line 92.
LaTeX Font Info:    ... okay on input line 92.

Unknown journal: specify \journalname{<name of your journal>} in preambel

(/usr/share/texlive/texmf-dist/tex/context/base/supp-pdf.mkii
[Loading MPS to PDF converter (version 2006.09.02).]
\scratchcounter=\count132
\scratchdimen=\dimen129
\scratchbox=\box35
\nofMPsegments=\count133
\nofMParguments=\count134
\everyMPshowfont=\toks26
\MPscratchCnt=\count135
\MPscratchDim=\dimen130
\MPnumerator=\count136
\makeMPintoPDFobject=\count137
\everyMPtoPDFconversion=\toks27
) (/usr/share/texlive/texmf-dist/tex/generic/oberdiek/pdftexcmds.sty
Package: pdftexcmds 2011/11/29 v0.20 Utility functions of pdfTeX for LuaTeX (HO
)

(/usr/share/texlive/texmf-dist/tex/generic/oberdiek/ifluatex.sty
Package: ifluatex 2010/03/01 v1.3 Provides the ifluatex switch (HO)
Package ifluatex Info: LuaTeX not detected.
)
(/usr/share/texlive/texmf-dist/tex/generic/oberdiek/ifpdf.sty
Package: ifpdf 2011/01/30 v2.3 Provides the ifpdf switch (HO)
Package ifpdf Info: pdfTeX in PDF mode is detected.
)
Package pdftexcmds Info: LuaTeX not detected.
Package pdftexcmds Info: \pdf@primitive is available.
Package pdftexcmds Info: \pdf@ifprimitive is available.
Package pdftexcmds Info: \pdfdraftmode found.
)
(/usr/share/texlive/texmf-dist/tex/latex/oberdiek/epstopdf-base.sty
Package: epstopdf-base 2010/02/09 v2.5 Base part for package epstopdf

(/usr/share/texlive/texmf-dist/tex/latex/oberdiek/grfext.sty
Package: grfext 2010/08/19 v1.1 Manage graphics extensions (HO)

(/usr/share/texlive/texmf-dist/tex/generic/oberdiek/kvdefinekeys.sty
Package: kvdefinekeys 2011/04/07 v1.3 Define keys (HO)
))
(/usr/share/texlive/texmf-dist/tex/latex/oberdiek/kvoptions.sty
Package: kvoptions 2011/06/30 v3.11 Key value format for package options (HO)

(/usr/share/texlive/texmf-dist/tex/generic/oberdiek/kvsetkeys.sty
Package: kvsetkeys 2012/04/25 v1.16 Key value parser (HO)

(/usr/share/texlive/texmf-dist/tex/generic/oberdiek/etexcmds.sty
Package: etexcmds 2011/02/16 v1.5 Avoid name clashes with e-TeX commands (HO)
Package etexcmds Info: Could not find \expanded.
(etexcmds)             That can mean that you are not using pdfTeX 1.50 or
(etexcmds)             that some package has redefined \expanded.
(etexcmds)             In the latter case, load this package earlier.
)))
Package grfext Info: Graphics extension search list:
(grfext)             [.png,.pdf,.jpg,.mps,.jpeg,.jbig2,.jb2,.PNG,.PDF,.JPG,.JPE
G,.JBIG2,.JB2,.eps]
(grfext)             \AppendGraphicsExtensions on input line 452.

(/usr/share/texlive/texmf-dist/tex/latex/latexconfig/epstopdf-sys.cfg
File: epstopdf-sys.cfg 2010/07/13 v1.3 Configuration of (r)epstopdf for TeX Liv
e
))
\c@lstlisting=\count138

SVJour3 warning: Missing \journalname
Missing character: There is no ‚ in font cmr10!
Missing character: There is no Ä in font cmr10!
Missing character: There is no ô in font cmr10!
Missing character: There is no ‚ in font cmr10!
Missing character: There is no Ä in font cmr10!
Missing character: There is no ô in font cmr10!
[1{/var/lib/texmf/fonts/map/pdftex/updmap/pdftex.map}]
(./ENPM667 Midterm Project REport.toc)
\tf@toc=\write3
\openout3 = `"ENPM667 Midterm Project REport.toc"'.

 [2]
(./ENPM667 Midterm Project REport.lof
Overfull \hbox (2.00746pt too wide) in paragraph at lines 12--12
 [][] []\OT1/cmr/bx/n/10 a\OT1/cmr/m/n/10 . Red curve for method with one curve
 and least square method. 
 []

)
\tf@lof=\write4
\openout4 = `"ENPM667 Midterm Project REport.lof"'.

 [3] (./text/introduction.tex) (./text/setup.tex
<./figures/imucam.png, id=19, 744.7825pt x 289.08pt>
File: ./figures/imucam.png Graphic file (type png)

<use ./figures/imucam.png>
Package pdftex.def Info: ./figures/imucam.png used on input line 8.
(pdftex.def)             Requested size: 338.0pt x 131.19637pt.
Missing character: There is no √ in font cmr10!
Missing character: There is no ó in font cmr10!
) (./text/imageFormation.tex [4 <./figures/imucam.png>]
Missing character: There is no ‚ in font cmr10!
Missing character: There is no Ä in font cmr10!
Missing character: There is no ú in font cmr10!
Missing character: There is no ‚ in font cmr10!
Missing character: There is no Ä in font cmr10!
Missing character: There is no ù in font cmr10!
 <./figures/imageFormation.png, id=27, 499.8675pt x 194.7275pt>
File: ./figures/imageFormation.png Graphic file (type png)

<use ./figures/imageFormation.png>
Package pdftex.def Info: ./figures/imageFormation.png used on input line 10.
(pdftex.def)             Requested size: 338.0pt x 131.67604pt.
 [5 <./figures/imageFormation.png>]
<./figures/imageParams.png, id=32, 387.4475pt x 152.57pt>
File: ./figures/imageParams.png Graphic file (type png)

<use ./figures/imageParams.png>
Package pdftex.def Info: ./figures/imageParams.png used on input line 54.
(pdftex.def)             Requested size: 338.0pt x 133.10033pt.
) (./text/IMU.tex [6 <./figures/imageParams.png>] <./figures/IMU.jpg, id=40, 22
5.84375pt x 254.9525pt>
File: ./figures/IMU.jpg Graphic file (type jpg)
 <use ./figures/IMU.jpg>
Package pdftex.def Info: ./figures/IMU.jpg used on input line 9.
(pdftex.def)             Requested size: 126.02708pt x 142.27057pt.

<./figures/WorkingIMU.jpg, id=41, 539.01375pt x 289.08pt>
File: ./figures/WorkingIMU.jpg Graphic file (type jpg)

<use ./figures/WorkingIMU.jpg>
Package pdftex.def Info: ./figures/WorkingIMU.jpg used on input line 18.
(pdftex.def)             Requested size: 265.26227pt x 142.26357pt.

Underfull \hbox (badness 10000) in paragraph at lines 23--25

 []

[7 <./figures/IMU.jpg>]
Underfull \hbox (badness 10000) in paragraph at lines 33--38

 []


Underfull \hbox (badness 10000) in paragraph at lines 39--40

 []

) (./text/mono_problem.tex <./figures/1.png, id=46, 403.5075pt x 217.81375pt>
File: ./figures/1.png Graphic file (type png)

<use ./figures/1.png>
Package pdftex.def Info: ./figures/1.png used on input line 10.
(pdftex.def)             Requested size: 338.0pt x 182.45378pt.
) (./text/Spline_fitting.tex [8 <./figures/WorkingIMU.jpg>] [9 <./figures/1.png
>]
<./figures/Maxerror.PNG, id=56, 399.74344pt x 274.02374pt>
File: ./figures/Maxerror.PNG Graphic file (type png)

<use ./figures/Maxerror.PNG>
Package pdftex.def Info: ./figures/Maxerror.PNG used on input line 52.
(pdftex.def)             Requested size: 338.0pt x 231.70871pt.

<./figures/average.PNG, id=57, 434.37282pt x 267.24844pt>
File: ./figures/average.PNG Graphic file (type png)

<use ./figures/average.PNG>
Package pdftex.def Info: ./figures/average.PNG used on input line 66.
(pdftex.def)             Requested size: 338.0pt x 207.96767pt.

<./figures/RMS.PNG, id=58, 423.83344pt x 310.15875pt>
File: ./figures/RMS.PNG Graphic file (type png)
 <use ./figures/RMS.PNG>
Package pdftex.def Info: ./figures/RMS.PNG used on input line 82.
(pdftex.def)             Requested size: 338.0pt x 247.35591pt.

[10]
Overfull \vbox (2.03929pt too high) has occurred while \output is active []


[11 <./figures/Maxerror.PNG> <./figures/average.PNG>]
Missing character: There is no ‚ in font cmr10!
Missing character: There is no Ä in font cmr10!
Missing character: There is no ô in font cmr10!
 [12 <./figures/RMS.PNG>]
Missing character: There is no ‚ in font cmr10!
Missing character: There is no Ä in font cmr10!
Missing character: There is no ô in font cmr10!

[13] <./figures/lsm.jpg, id=75, 562.1pt x 421.575pt>
File: ./figures/lsm.jpg Graphic file (type jpg)
 <use ./figures/lsm.jpg>
Package pdftex.def Info: ./figures/lsm.jpg used on input line 260.
(pdftex.def)             Requested size: 265.55934pt x 199.1695pt.

<./figures/AllOutput.jpg, id=76, 562.1pt x 421.575pt>
File: ./figures/AllOutput.jpg Graphic file (type jpg)

<use ./figures/AllOutput.jpg>
Package pdftex.def Info: ./figures/AllOutput.jpg used on input line 267.
(pdftex.def)             Requested size: 265.55934pt x 199.1695pt.
 [14 <./figures/lsm.jpg>]
<./figures/ErrorC.jpg, id=80, 562.1pt x 421.575pt>
File: ./figures/ErrorC.jpg Graphic file (type jpg)
 <use ./figures/ErrorC.jpg>
Package pdftex.def Info: ./figures/ErrorC.jpg used on input line 283.
(pdftex.def)             Requested size: 265.55934pt x 199.1695pt.

<./figures/3DCurve.jpg, id=81, 562.1pt x 421.575pt>
File: ./figures/3DCurve.jpg Graphic file (type jpg)

<use ./figures/3DCurve.jpg>
Package pdftex.def Info: ./figures/3DCurve.jpg used on input line 295.
(pdftex.def)             Requested size: 265.55934pt x 199.1695pt.
) (./text/EKF.tex [15 <./figures/AllOutput.jpg>]
[16 <./figures/ErrorC.jpg> <./figures/3DCurve.jpg>]
<./figures/EKF.jpg, id=88, 642.4pt x 361.35pt>
File: ./figures/EKF.jpg Graphic file (type jpg)
 <use ./figures/EKF.jpg>
Package pdftex.def Info: ./figures/EKF.jpg used on input line 18.
(pdftex.def)             Requested size: 338.0pt x 190.13063pt.
 [17 <./figures/EKF.jpg>]
Missing character: There is no Œ in font cmr10!
Missing character: There is no Ω in font cmr10!
 <./figures/NonLinear.jpg, id=97, 467.7475pt x 317.185pt>
File: ./figures/NonLinear.jpg Graphic file (type jpg)

<use ./figures/NonLinear.jpg>
Package pdftex.def Info: ./figures/NonLinear.jpg used on input line 71.
(pdftex.def)             Requested size: 338.0pt x 229.21513pt.
 [18 <./figures/NonLinear.jpg>]
Missing character: There is no ‚ in font cmr10!
Missing character: There is no Ä in font cmr10!
Missing character: There is no ò in font cmr10!
Missing character: There is no ‚ in font cmr10!
Missing character: There is no Ä in font cmr10!
Missing character: There is no ô in font cmr10!
Missing character: There is no ‚ in font cmr10!
Missing character: There is no Ä in font cmr10!
Missing character: There is no ò in font cmr10!
Missing character: There is no ‚ in font cmr10!
Missing character: There is no Ä in font cmr10!
Missing character: There is no ô in font cmr10!
) (./text/slam.tex
Underfull \hbox (badness 10000) in paragraph at lines 4--5

 []


Underfull \hbox (badness 10000) in paragraph at lines 6--7

 []

[19]
Underfull \hbox (badness 10000) in paragraph at lines 35--36

 []

<./figures/slam_model.png, id=105, 550.055pt x 200.75pt>
File: ./figures/slam_model.png Graphic file (type png)

<use ./figures/slam_model.png>
Package pdftex.def Info: ./figures/slam_model.png used on input line 44.
(pdftex.def)             Requested size: 338.0pt x 123.36095pt.

<./figures/vo.png, id=106, 343.2825pt x 254.9525pt>
File: ./figures/vo.png Graphic file (type png)
 <use ./figures/vo.png>
Package pdftex.def Info: ./figures/vo.png used on input line 60.
(pdftex.def)             Requested size: 191.56117pt x 142.27057pt.

[20]
Underfull \vbox (badness 10000) has occurred while \output is active []

 [21 <./figures/slam_model.png> <./figures/vo.png>]
Missing character: There is no ‚ in font cmr10!
Missing character: There is no Ä in font cmr10!
Missing character: There is no ô in font cmr10!
 [22] [23]
<./figures/ekfTest.png, id=122, 588.1975pt x 504.88625pt>
File: ./figures/ekfTest.png Graphic file (type png)

<use ./figures/ekfTest.png>
Package pdftex.def Info: ./figures/ekfTest.png used on input line 172.
(pdftex.def)             Requested size: 338.0pt x 290.13013pt.
 [24]
<./figures/onlineEKF.png, id=126, 372.39125pt x 165.61874pt>
File: ./figures/onlineEKF.png Graphic file (type png)

<use ./figures/onlineEKF.png>
Package pdftex.def Info: ./figures/onlineEKF.png used on input line 189.
(pdftex.def)             Requested size: 338.0pt x 150.32916pt.
) [25 <./figures/ekfTest.png>]
(./ENPM667 Midterm Project REport.bbl [26 <./figures/onlineEKF.png>]
Underfull \hbox (badness 1460) in paragraph at lines 97--102
\OT1/cmr/m/n/8 robots, 2017.  URL: $\OT1/cmtt/m/n/8 https : / / www . ethz . ch
 / content / dam / ethz / special-[]interest /
 []


Underfull \hbox (badness 10000) in paragraph at lines 97--102
\OT1/cmtt/m/n/8 mavt / robotics-[]n-[]intelligent-[]systems / asl-[]dam / docum
ents / lectures / autonomous _
 []


Underfull \hbox (badness 10000) in paragraph at lines 97--102
\OT1/cmtt/m/n/8 mobile _ robots / spring-[]2017 / 2017 % 20-[] % 20SLAM % 20I %
 20-[] % 20after % 20lecture . pdf$\OT1/cmr/m/n/8 .
 []

) [27] (./text/Code.tex (./code/spline2dparts.m
LaTeX Font Info:    Try loading font information for OMS+cmr on input line 5.

(/usr/share/texlive/texmf-dist/tex/latex/base/omscmr.fd
File: omscmr.fd 2014/09/29 v2.5h Standard LaTeX font definitions
)
LaTeX Font Info:    Font shape `OMS/cmr/m/n' in size <10> not available
(Font)              Font shape `OMS/cmsy/m/n' tried instead on input line 5.

Underfull \vbox (badness 3179) has occurred while \output is active []

 [28]
Overfull \hbox (66.0039pt too wide) in paragraph at lines 53--54
[][][][] 
 []


Underfull \vbox (badness 10000) has occurred while \output is active []

 [29]
Overfull \hbox (66.0039pt too wide) in paragraph at lines 74--76
[][][][] 
 []

) (./code/spline3d.m
Underfull \vbox (badness 1163) has occurred while \output is active []

 [30]
Underfull \vbox (badness 10000) has occurred while \output is active []

 [31]))
[32] (./ENPM667 Midterm Project REport.aux)

LaTeX Warning: There were multiply-defined labels.

 ) 
Here is how much of TeX's memory you used:
 5351 strings out of 493029
 74781 string characters out of 6136233
 275348 words of memory out of 5000000
 8756 multiletter control sequences out of 15000+600000
 11871 words of font info for 42 fonts, out of 8000000 for 9000
 1141 hyphenation exceptions out of 8191
 38i,19n,40p,2787b,2056s stack positions out of 5000i,500n,10000p,200000b,80000s
</usr/share/texlive/texmf-dist/fonts/type1/public/amsfonts/cm/cmbsy10.pfb></u
sr/share/texlive/texmf-dist/fonts/type1/public/amsfonts/cm/cmbx10.pfb></usr/sha
re/texlive/texmf-dist/fonts/type1/public/amsfonts/cm/cmbx12.pfb></usr/share/tex
live/texmf-dist/fonts/type1/public/amsfonts/cm/cmbx8.pfb></usr/share/texlive/te
xmf-dist/fonts/type1/public/amsfonts/cm/cmbxti10.pfb></usr/share/texlive/texmf-
dist/fonts/type1/public/amsfonts/cm/cmex10.pfb></usr/share/texlive/texmf-dist/f
onts/type1/public/amsfonts/cm/cmmi10.pfb></usr/share/texlive/texmf-dist/fonts/t
ype1/public/amsfonts/cm/cmmi5.pfb></usr/share/texlive/texmf-dist/fonts/type1/pu
blic/amsfonts/cm/cmmi6.pfb></usr/share/texlive/texmf-dist/fonts/type1/public/am
sfonts/cm/cmmi7.pfb></usr/share/texlive/texmf-dist/fonts/type1/public/amsfonts/
cm/cmmi8.pfb></usr/share/texlive/texmf-dist/fonts/type1/public/amsfonts/cm/cmr1
0.pfb></usr/share/texlive/texmf-dist/fonts/type1/public/amsfonts/cm/cmr5.pfb></
usr/share/texlive/texmf-dist/fonts/type1/public/amsfonts/cm/cmr6.pfb></usr/shar
e/texlive/texmf-dist/fonts/type1/public/amsfonts/cm/cmr7.pfb></usr/share/texliv
e/texmf-dist/fonts/type1/public/amsfonts/cm/cmr8.pfb></usr/share/texlive/texmf-
dist/fonts/type1/public/amsfonts/cm/cmsy10.pfb></usr/share/texlive/texmf-dist/f
onts/type1/public/amsfonts/cm/cmsy6.pfb></usr/share/texlive/texmf-dist/fonts/ty
pe1/public/amsfonts/cm/cmsy7.pfb></usr/share/texlive/texmf-dist/fonts/type1/pub
lic/amsfonts/cm/cmsy8.pfb></usr/share/texlive/texmf-dist/fonts/type1/public/ams
fonts/cm/cmti10.pfb></usr/share/texlive/texmf-dist/fonts/type1/public/amsfonts/
cm/cmti8.pfb></usr/share/texlive/texmf-dist/fonts/type1/public/amsfonts/cm/cmtt
8.pfb>
Output written on "ENPM667 Midterm Project REport.pdf" (32 pages, 788927 bytes)
.
PDF statistics:
 230 PDF objects out of 1000 (max. 8388607)
 142 compressed objects within 2 object streams
 0 named destinations out of 1000 (max. 500000)
 96 words of extra memory for PDF output out of 10000 (max. 10000000)

